<?xml version="1.0" encoding="UTF-8"?>
<testsuite name="cat.itacademy.s04.t01.n02.S04T01N02ApplicationTests" tests="1" skipped="0" failures="0" errors="0" timestamp="2025-02-26T12:36:37" hostname="MacBook-Air-de-Angel.local" time="4.435">
  <properties/>
  <testcase name="contextLoads()" classname="cat.itacademy.s04.t01.n02.S04T01N02ApplicationTests" time="4.435"/>
  <system-out><![CDATA[13:36:29.196 [Test worker] INFO org.springframework.test.context.support.AnnotationConfigContextLoaderUtils -- Could not detect default configuration classes for test class [cat.itacademy.s04.t01.n02.S04T01N02ApplicationTests]: S04T01N02ApplicationTests does not declare any static, non-private, non-final, nested classes annotated with @Configuration.
13:36:29.754 [Test worker] INFO org.springframework.boot.test.context.SpringBootTestContextBootstrapper -- Found @SpringBootConfiguration cat.itacademy.s04.t01.n02.S04T01N02Application for test class cat.itacademy.s04.t01.n02.S04T01N02ApplicationTests

  .   ____          _            __ _ _
 /\\ / ___'_ __ _ _(_)_ __  __ _ \ \ \ \
( ( )\___ | '_ | '_| | '_ \/ _` | \ \ \ \
 \\/  ___)| |_)| | | | | || (_| |  ) ) ) )
  '  |____| .__|_| |_|_| |_\__, | / / / /
 =========|_|==============|___/=/_/_/_/

 :: Spring Boot ::                (v3.4.3)

2025-02-26T13:36:31.271+01:00  INFO 76356 --- [S04T01N02] [    Test worker] c.i.s.t01.n02.S04T01N02ApplicationTests  : Starting S04T01N02ApplicationTests using Java 23.0.2 with PID 76356 (started by angel in /Users/angel/Desktop/Initializr/S04T01N02)
2025-02-26T13:36:31.277+01:00  INFO 76356 --- [S04T01N02] [    Test worker] c.i.s.t01.n02.S04T01N02ApplicationTests  : No active profile set, falling back to 1 default profile: "default"
2025-02-26T13:36:37.619+01:00  INFO 76356 --- [S04T01N02] [    Test worker] c.i.s.t01.n02.S04T01N02ApplicationTests  : Started S04T01N02ApplicationTests in 7.285 seconds (process running for 12.253)
]]></system-out>
  <system-err><![CDATA[Mockito is currently self-attaching to enable the inline-mock-maker. This will no longer work in future releases of the JDK. Please add Mockito as an agent to your build what is described in Mockito's documentation: https://javadoc.io/doc/org.mockito/mockito-core/latest/org/mockito/Mockito.html#0.3
WARNING: A Java agent has been loaded dynamically (/Users/angel/.gradle/caches/modules-2/files-2.1/net.bytebuddy/byte-buddy-agent/1.15.11/a38b16385e867f59a641330f0362ebe742788ed8/byte-buddy-agent-1.15.11.jar)
WARNING: If a serviceability tool is in use, please run with -XX:+EnableDynamicAgentLoading to hide this warning
WARNING: If a serviceability tool is not in use, please run with -Djdk.instrument.traceUsage for more information
WARNING: Dynamic loading of agents will be disallowed by default in a future release
]]></system-err>
</testsuite>
